<?xml version="1.0" encoding="UTF-8"?>
<testsuite xmlns:xsi="http://www.w3.org/2001/XMLSchema-instance" xsi:noNamespaceSchemaLocation="https://maven.apache.org/surefire/maven-surefire-plugin/xsd/surefire-test-report.xsd" name="it.polimi.ingsw.model.specialworkers.WorkerHestiaTest" time="0.001" tests="8" errors="0" skipped="0" failures="0">
  <properties>
    <property name="java.specification.version" value="14"/>
    <property name="sun.cpu.isalist" value="amd64"/>
    <property name="sun.jnu.encoding" value="Cp1252"/>
    <property name="java.class.path" value="C:\Users\Andrew\Desktop\ing-sw-2020-superchi-zito-parato\target\test-classes;C:\Users\Andrew\Desktop\ing-sw-2020-superchi-zito-parato\target\classes;C:\Users\Andrew\.m2\repository\junit\junit\4.12\junit-4.12.jar;C:\Users\Andrew\.m2\repository\org\hamcrest\hamcrest-core\1.3\hamcrest-core-1.3.jar;"/>
    <property name="java.vm.vendor" value="Oracle Corporation"/>
    <property name="sun.arch.data.model" value="64"/>
    <property name="user.variant" value=""/>
    <property name="java.vendor.url" value="https://java.oracle.com/"/>
    <property name="user.timezone" value="Europe/Rome"/>
    <property name="os.name" value="Windows 10"/>
    <property name="java.vm.specification.version" value="14"/>
    <property name="sun.java.launcher" value="SUN_STANDARD"/>
    <property name="user.country" value="IT"/>
    <property name="sun.boot.library.path" value="C:\Program Files\Java\jdk-14.0.1\bin"/>
    <property name="sun.java.command" value="C:\Users\Andrew\AppData\Local\Temp\surefire12296944413266819036\surefirebooter4663967492278415127.jar C:\Users\Andrew\AppData\Local\Temp\surefire12296944413266819036 2020-07-03T01-00-23_215-jvmRun1 surefire14576285161973418599tmp surefire_016026826136336849597tmp"/>
    <property name="jdk.debug" value="release"/>
    <property name="surefire.test.class.path" value="C:\Users\Andrew\Desktop\ing-sw-2020-superchi-zito-parato\target\test-classes;C:\Users\Andrew\Desktop\ing-sw-2020-superchi-zito-parato\target\classes;C:\Users\Andrew\.m2\repository\junit\junit\4.12\junit-4.12.jar;C:\Users\Andrew\.m2\repository\org\hamcrest\hamcrest-core\1.3\hamcrest-core-1.3.jar;"/>
    <property name="sun.cpu.endian" value="little"/>
    <property name="user.home" value="C:\Users\Andrew"/>
    <property name="user.language" value="it"/>
    <property name="java.specification.vendor" value="Oracle Corporation"/>
    <property name="java.version.date" value="2020-04-14"/>
    <property name="java.home" value="C:\Program Files\Java\jdk-14.0.1"/>
    <property name="file.separator" value="\"/>
    <property name="basedir" value="C:\Users\Andrew\Desktop\ing-sw-2020-superchi-zito-parato"/>
    <property name="java.vm.compressedOopsMode" value="Zero based"/>
    <property name="line.separator" value="&#10;"/>
    <property name="java.vm.specification.vendor" value="Oracle Corporation"/>
    <property name="java.specification.name" value="Java Platform API Specification"/>
    <property name="idea.version2020.1.2" value="true"/>
    <property name="surefire.real.class.path" value="C:\Users\Andrew\AppData\Local\Temp\surefire12296944413266819036\surefirebooter4663967492278415127.jar"/>
    <property name="user.script" value=""/>
    <property name="sun.management.compiler" value="HotSpot 64-Bit Tiered Compilers"/>
    <property name="java.runtime.version" value="14.0.1+7"/>
    <property name="user.name" value="Andrew"/>
    <property name="path.separator" value=";"/>
    <property name="os.version" value="10.0"/>
    <property name="java.runtime.name" value="Java(TM) SE Runtime Environment"/>
    <property name="file.encoding" value="Cp1252"/>
    <property name="java.vm.name" value="Java HotSpot(TM) 64-Bit Server VM"/>
    <property name="localRepository" value="C:\Users\Andrew\.m2\repository"/>
    <property name="java.vendor.url.bug" value="https://bugreport.java.com/bugreport/"/>
    <property name="java.io.tmpdir" value="C:\Users\Andrew\AppData\Local\Temp\"/>
    <property name="java.version" value="14.0.1"/>
    <property name="user.dir" value="C:\Users\Andrew\Desktop\ing-sw-2020-superchi-zito-parato"/>
    <property name="os.arch" value="amd64"/>
    <property name="java.vm.specification.name" value="Java Virtual Machine Specification"/>
    <property name="sun.os.patch.level" value=""/>
    <property name="java.library.path" value="C:\Program Files\Java\jdk-14.0.1\bin;C:\Windows\Sun\Java\bin;C:\Windows\system32;C:\Windows;C:\Windows\system32;C:\Windows;C:\Windows\System32\Wbem;C:\Windows\System32\WindowsPowerShell\v1.0\;C:\Windows\System32\OpenSSH\;C:\Program Files\Git\cmd;C:\Program Files (x86)\QuickTime\QTSystem\;C:\Program Files\MySQL\MySQL Shell 8.0\bin\;C:\Users\Andrew\AppData\Local\Microsoft\WindowsApps;C:\Program Files\JetBrains\IntelliJ IDEA 2020.1\bin;C:\Program Files\Java\jdk-14.0.1\bin;C:\Users\Andrew\AppData\Local\atom\bin;."/>
    <property name="java.vm.info" value="mixed mode, sharing"/>
    <property name="java.vendor" value="Oracle Corporation"/>
    <property name="java.vm.version" value="14.0.1+7"/>
    <property name="sun.io.unicode.encoding" value="UnicodeLittle"/>
    <property name="java.class.version" value="58.0"/>
  </properties>
  <testcase name="canUseSpecialPower" classname="it.polimi.ingsw.model.specialworkers.WorkerHestiaTest" time="0.001"/>
  <testcase name="notHasBuiltCanUseSpecialPower" classname="it.polimi.ingsw.model.specialworkers.WorkerHestiaTest" time="0"/>
  <testcase name="notHasBuiltSpecialPowerTest" classname="it.polimi.ingsw.model.specialworkers.WorkerHestiaTest" time="0"/>
  <testcase name="perimeterColumnSpecialPowerTest" classname="it.polimi.ingsw.model.specialworkers.WorkerHestiaTest" time="0"/>
  <testcase name="notHasMovedSpecialPowerTest" classname="it.polimi.ingsw.model.specialworkers.WorkerHestiaTest" time="0"/>
  <testcase name="perimetricRowSpecialPowerTest" classname="it.polimi.ingsw.model.specialworkers.WorkerHestiaTest" time="0"/>
  <testcase name="notHasMovedCanUseSpecialPower" classname="it.polimi.ingsw.model.specialworkers.WorkerHestiaTest" time="0"/>
  <testcase name="specialPowerTest" classname="it.polimi.ingsw.model.specialworkers.WorkerHestiaTest" time="0"/>
</testsuite>